<?xml version="1.0" encoding="UTF-8" ?>
<testsuite failures="0" time="0.004" errors="0" skipped="0" tests="10" name="com.manifestcorp.IQityDiceGameAssessment.DiceScoreTest">
  <properties>
[...]
</properties>
  <testcase time="0.003" classname="com.manifestcorp.IQityDiceGameAssessment.DiceScoreTest" name="testSetOf3Matching1s"/>
  <testcase time="0" classname="com.manifestcorp.IQityDiceGameAssessment.DiceScoreTest" name="testSetOf4Or5Matching1s"/>
  <testcase time="0" classname="com.manifestcorp.IQityDiceGameAssessment.DiceScoreTest" name="testSetOf3Matching2sWith1s"/>
  <testcase time="0" classname="com.manifestcorp.IQityDiceGameAssessment.DiceScoreTest" name="testSetOf3OrMoreMatching2s"/>
  <testcase time="0" classname="com.manifestcorp.IQityDiceGameAssessment.DiceScoreTest" name="testSetOf3OrMoreMatching3s"/>
  <testcase time="0" classname="com.manifestcorp.IQityDiceGameAssessment.DiceScoreTest" name="testSetOf3OrMoreMatching4s"/>
  <testcase time="0.001" classname="com.manifestcorp.IQityDiceGameAssessment.DiceScoreTest" name="testSetOf3OrMoreMatching5s"/>
  <testcase time="0" classname="com.manifestcorp.IQityDiceGameAssessment.DiceScoreTest" name="testSetOf3OrMoreMatching6s"/>
  <testcase time="0" classname="com.manifestcorp.IQityDiceGameAssessment.DiceScoreTest" name="test3Ones2Fours"/>
  <testcase time="0" classname="com.manifestcorp.IQityDiceGameAssessment.DiceScoreTest" name="testInvalidInput"/>
</testsuite>